<?xml version="1.0" encoding="UTF-8"?>
<!-- Generated by org.testng.reporters.JUnitReportReporter -->
<testsuite hostname="Mani-PC" failures="0" tests="1" name="com.inetbanking.testCases.TC_001_LoginTest" time="22.471" errors="0" timestamp="2022-08-24T20:23:13 IST" skipped="0">
  <testcase classname="com.inetbanking.testCases.TC_001_LoginTest" name="loginTest" time="22.471"/>
  <system-out/>
</testsuite> <!-- com.inetbanking.testCases.TC_001_LoginTest -->
